[0, 0, 1444319335.790084]
[0, 0, 1444319335.859591]
[0, 0, 1444319335.929437]
[0, 0, 1444319335.999779]
[0, 0, 1444319336.0698]
[0, 0, 1444319336.139586]
[0, 0, 1444319336.209379]
[0, 0, 1444319336.269794]
[0, 0, 1444319336.339641]
[0, 0, 1444319336.409408]
[0, 0, 1444319336.469367]
[0, 0, 1444319336.530139]
[0, 0, 1444319336.59964]
[0, 0, 1444319336.669321]
[0, 0, 1444319336.730162]
[0, 0, 1444319336.799643]
[0, -5, 1444319336.869755]
[0, -17, 1444319336.940055]
[0, -36, 1444319337.009541]
[0, -57, 1444319337.080382]
[0, -77, 1444319337.149948]
[0, -94, 1444319337.219488]
[0, -104, 1444319337.29033]
[0, -106, 1444319337.359421]
[0, -106, 1444319337.41941]
[0, -106, 1444319337.479352]
[0, -106, 1444319337.540463]
[0, -106, 1444319337.609586]
[0, -106, 1444319337.679386]
[0, -106, 1444319337.749437]
[0, -106, 1444319337.820045]
[0, -106, 1444319337.889417]
[0, -106, 1444319337.950429]
[0, -106, 1444319338.019638]
[0, -106, 1444319338.089418]
[0, -106, 1444319338.150897]
[0, -106, 1444319338.21958]
[0, -106, 1444319338.289441]
[0, -106, 1444319338.36002]
[0, -106, 1444319338.430044]
[0, -106, 1444319338.499583]
[0, -106, 1444319338.569578]
[0, -106, 1444319338.639974]
[0, -106, 1444319338.710151]
[0, -106, 1444319338.77945]
[0, -107, 1444319338.849586]
[0, -109, 1444319338.919461]
[0, -119, 1444319338.989511]
[0, -136, 1444319339.060754]
[0, -156, 1444319339.129487]
[0, -175, 1444319339.200867]
[0, -192, 1444319339.269497]
[0, -206, 1444319339.34001]
[0, -218, 1444319339.409981]
[0, -228, 1444319339.479457]
[0, -236, 1444319339.550296]
[0, -242, 1444319339.620262]
[0, -246, 1444319339.689665]
[0, -249, 1444319339.759368]
[0, -250, 1444319339.820484]
[0, -250, 1444319339.889451]
[0, -250, 1444319339.95496]
[0, -250, 1444319340.041101]
[0, -250, 1444319340.109424]
[0, -250, 1444319340.169389]
[0, -250, 1444319340.229374]
-----------[0, -250, 1444319340.299644]
-----------[0, -250, 1444319340.369428]
[0, -250, 1444319340.435283]
[0, -250, 1444319340.505056]
[0, -250, 1444319340.585004]
[0, -250, 1444319340.664949]
[0, -250, 1444319340.745015]
[0, -250, 1444319340.824956]
[0, -250, 1444319340.914953]
[0, -250, 1444319340.99526]
[0, -250, 1444319341.06493]
[0, -250, 1444319341.139571]
[0, -250, 1444319341.199588]
[0, -250, 1444319341.269415]
[0, -250, 1444319341.329386]
[0, -250, 1444319341.399637]
[0, -250, 1444319341.469418]
[0, -250, 1444319341.529439]
[0, -250, 1444319341.599584]
-----------[0, -250, 1444319341.669447]
-----------[0, -250, 1444319341.729418]
-----------[0, -250, 1444319341.799615]
-----------[0, -250, 1444319341.879163]
[0, -250, 1444319341.945013]
[0, -250, 1444319342.024957]
[0, -250, 1444319342.091052]
[0, -250, 1444319342.1594]
[0, -250, 1444319342.2194]
[0, -250, 1444319342.279323]
[0, -250, 1444319342.340439]
[0, -250, 1444319342.409427]
[0, -250, 1444319342.469433]
[0, -250, 1444319342.529349]
[0, -250, 1444319342.59028]
[0, -250, 1444319342.659394]
[0, -250, 1444319342.719424]
[0, -250, 1444319342.779359]
[0, -250, 1444319342.849418]
